waiting...
automatic:0/186
Trace:
=> J'ai trouvé une archive.
=> Je la décompresse.
flap-uzenat-elouraoui-15.1/
flap-uzenat-elouraoui-15.1/myocamlbuild_config.ml
flap-uzenat-elouraoui-15.1/Makefile.local
flap-uzenat-elouraoui-15.1/src/
flap-uzenat-elouraoui-15.1/src/version.ml
flap-uzenat-elouraoui-15.1/src/common/
flap-uzenat-elouraoui-15.1/src/common/compilers.ml
flap-uzenat-elouraoui-15.1/src/common/languages.ml
flap-uzenat-elouraoui-15.1/src/options.ml
flap-uzenat-elouraoui-15.1/src/hopix/
flap-uzenat-elouraoui-15.1/src/hopix/hopixTypechecker.ml
flap-uzenat-elouraoui-15.1/src/hopix/hopixInterpreter.ml
flap-uzenat-elouraoui-15.1/src/hopix/hopixLexer.mll
flap-uzenat-elouraoui-15.1/src/hopix/hopixTypeInferenceEngine.ml
flap-uzenat-elouraoui-15.1/src/hopix/hopixAST.ml
flap-uzenat-elouraoui-15.1/src/hopix/hopixPrettyPrinter.ml
flap-uzenat-elouraoui-15.1/src/hopix/hopixParser.mly
flap-uzenat-elouraoui-15.1/src/hopix/hopix.ml
flap-uzenat-elouraoui-15.1/src/hopix/hopixTypes.ml
flap-uzenat-elouraoui-15.1/src/hopix/hopixInitialization.ml
flap-uzenat-elouraoui-15.1/src/lib/
flap-uzenat-elouraoui-15.1/src/lib/pprint/
flap-uzenat-elouraoui-15.1/src/lib/pprint/PPrintEngine.ml
flap-uzenat-elouraoui-15.1/src/lib/pprint/LICENSE
flap-uzenat-elouraoui-15.1/src/lib/pprint/PPrintOCaml.mli
flap-uzenat-elouraoui-15.1/src/lib/pprint/CHANGES
flap-uzenat-elouraoui-15.1/src/lib/pprint/PPrintRenderer.ml
flap-uzenat-elouraoui-15.1/src/lib/pprint/PPrintEngine.mli
flap-uzenat-elouraoui-15.1/src/lib/pprint/PPrint.ml
flap-uzenat-elouraoui-15.1/src/lib/pprint/AUTHORS
flap-uzenat-elouraoui-15.1/src/lib/pprint/README
flap-uzenat-elouraoui-15.1/src/lib/pprint/PPrintCombinators.ml
flap-uzenat-elouraoui-15.1/src/lib/pprint/PPrintCombinators.mli
flap-uzenat-elouraoui-15.1/src/lib/pprint/Makefile
flap-uzenat-elouraoui-15.1/src/lib/pprint/PPrintOCaml.ml
flap-uzenat-elouraoui-15.1/src/flap.ml
flap-uzenat-elouraoui-15.1/src/utilities/
flap-uzenat-elouraoui-15.1/src/utilities/userInput.ml
flap-uzenat-elouraoui-15.1/src/utilities/position.ml
flap-uzenat-elouraoui-15.1/src/utilities/error.ml
flap-uzenat-elouraoui-15.1/src/utilities/syntacticAnalysis.ml
flap-uzenat-elouraoui-15.1/src/utilities/position.mli
flap-uzenat-elouraoui-15.1/src/utilities/error.mli
flap-uzenat-elouraoui-15.1/src/utilities/extPPrint.ml
flap-uzenat-elouraoui-15.1/src/utilities/syntacticAnalysis.mli
flap-uzenat-elouraoui-15.1/src/utilities/stdUserInput.ml
flap-uzenat-elouraoui-15.1/src/utilities/option.ml
flap-uzenat-elouraoui-15.1/src/utilities/extStd.ml
flap-uzenat-elouraoui-15.1/src/commandLineOptions.ml
flap-uzenat-elouraoui-15.1/_tags
flap-uzenat-elouraoui-15.1/Makefile.generic
flap-uzenat-elouraoui-15.1/Makefile.config
flap-uzenat-elouraoui-15.1/Makefile
=> Je compile.
Source configuration ...
 * Ledit is not present: use default UserInput.
rm -f flap.native
ocamlfind ocamldep -package unix -package str -modules src/flap.ml > src/flap.ml.depends
ocamlfind ocamldep -package unix -package str -modules src/commandLineOptions.ml > src/commandLineOptions.ml.depends
ocamlfind ocamldep -package unix -package str -modules src/options.ml > src/options.ml.depends
ocamlfind ocamldep -package unix -package str -modules src/utilities/error.mli > src/utilities/error.mli.depends
ocamlfind ocamldep -package unix -package str -modules src/utilities/position.mli > src/utilities/position.mli.depends
ocamlfind ocamlc -c -annot -bin-annot -package unix -package str -I src/utilities -I src -I src/common -I src/hopix -I src/lib/pprint -o src/utilities/position.cmi src/utilities/position.mli
ocamlfind ocamlc -c -annot -bin-annot -package unix -package str -I src/utilities -I src -I src/common -I src/hopix -I src/lib/pprint -o src/utilities/error.cmi src/utilities/error.mli
ocamlfind ocamldep -package unix -package str -modules src/version.ml > src/version.ml.depends
ocamlfind ocamlc -c -annot -bin-annot -package unix -package str -I src -I src/common -I src/hopix -I src/utilities -I src/lib/pprint -o src/options.cmo src/options.ml
ocamlfind ocamlc -c -annot -bin-annot -package unix -package str -I src -I src/common -I src/hopix -I src/utilities -I src/lib/pprint -o src/version.cmo src/version.ml
ocamlfind ocamldep -package unix -package str -modules src/common/compilers.ml > src/common/compilers.ml.depends
ocamlfind ocamldep -package unix -package str -modules src/utilities/extStd.ml > src/utilities/extStd.ml.depends
ocamlfind ocamldep -package unix -package str -modules src/common/languages.ml > src/common/languages.ml.depends
ocamlfind ocamlc -c -annot -bin-annot -package unix -package str -I src/utilities -I src -I src/common -I src/hopix -I src/lib/pprint -o src/utilities/extStd.cmo src/utilities/extStd.ml
ocamlfind ocamlc -c -annot -bin-annot -package unix -package str -I src/common -I src -I src/hopix -I src/utilities -I src/lib/pprint -o src/common/languages.cmo src/common/languages.ml
ocamlfind ocamldep -package unix -package str -modules src/hopix/hopixInitialization.ml > src/hopix/hopixInitialization.ml.depends
ocamlfind ocamlc -c -annot -bin-annot -package unix -package str -I src/common -I src -I src/hopix -I src/utilities -I src/lib/pprint -o src/common/compilers.cmo src/common/compilers.ml
ocamlfind ocamldep -package unix -package str -modules src/hopix/hopix.ml > src/hopix/hopix.ml.depends
ocamlfind ocamldep -package unix -package str -modules src/hopix/hopixAST.ml > src/hopix/hopixAST.ml.depends
ocamlfind ocamldep -package unix -package str -modules src/hopix/hopixInterpreter.ml > src/hopix/hopixInterpreter.ml.depends
ocamlfind ocamlc -c -annot -bin-annot -package unix -package str -I src/hopix -I src -I src/common -I src/utilities -I src/lib/pprint -o src/hopix/hopixAST.cmo src/hopix/hopixAST.ml
/usr/bin/ocamllex -q src/hopix/hopixLexer.mll
ocamlfind ocamldep -package unix -package str -modules src/hopix/hopixLexer.ml > src/hopix/hopixLexer.ml.depends
menhir --raw-depend --ocamldep 'ocamlfind ocamldep -modules' src/hopix/hopixParser.mly > src/hopix/hopixParser.mly.depends
menhir --ocamlc 'ocamlfind ocamlc -annot -bin-annot -package unix -package str -I src/hopix -I src -I src/common -I src/utilities -I src/lib/pprint' --explain --infer src/hopix/hopixParser.mly
ocamlfind ocamldep -package unix -package str -modules src/hopix/hopixParser.mli > src/hopix/hopixParser.mli.depends
ocamlfind ocamlc -c -annot -bin-annot -package unix -package str -I src/hopix -I src -I src/common -I src/utilities -I src/lib/pprint -o src/hopix/hopixParser.cmi src/hopix/hopixParser.mli
ocamlfind ocamldep -package unix -package str -modules src/hopix/hopixPrettyPrinter.ml > src/hopix/hopixPrettyPrinter.ml.depends
ocamlfind ocamldep -package unix -package str -modules src/utilities/extPPrint.ml > src/utilities/extPPrint.ml.depends
ocamlfind ocamldep -package unix -package str -modules src/lib/pprint/PPrint.ml > src/lib/pprint/PPrint.ml.depends
ocamlfind ocamldep -package unix -package str -modules src/lib/pprint/PPrintCombinators.mli > src/lib/pprint/PPrintCombinators.mli.depends
ocamlfind ocamldep -package unix -package str -modules src/lib/pprint/PPrintEngine.mli > src/lib/pprint/PPrintEngine.mli.depends
ocamlfind ocamldep -package unix -package str -modules src/lib/pprint/PPrintRenderer.ml > src/lib/pprint/PPrintRenderer.ml.depends
ocamlfind ocamlc -c -annot -bin-annot -package unix -package str -I src/lib/pprint -I src -I src/common -I src/hopix -I src/utilities -o src/lib/pprint/PPrintRenderer.cmo src/lib/pprint/PPrintRenderer.ml
ocamlfind ocamlc -c -annot -bin-annot -package unix -package str -I src/lib/pprint -I src -I src/common -I src/hopix -I src/utilities -o src/lib/pprint/PPrintEngine.cmi src/lib/pprint/PPrintEngine.mli
ocamlfind ocamldep -package unix -package str -modules src/lib/pprint/PPrintOCaml.mli > src/lib/pprint/PPrintOCaml.mli.depends
ocamlfind ocamlc -c -annot -bin-annot -package unix -package str -I src/lib/pprint -I src -I src/common -I src/hopix -I src/utilities -o src/lib/pprint/PPrintCombinators.cmi src/lib/pprint/PPrintCombinators.mli
ocamlfind ocamlc -c -annot -bin-annot -package unix -package str -I src/lib/pprint -I src -I src/common -I src/hopix -I src/utilities -o src/lib/pprint/PPrintOCaml.cmi src/lib/pprint/PPrintOCaml.mli
ocamlfind ocamlc -c -annot -bin-annot -package unix -package str -I src/lib/pprint -I src -I src/common -I src/hopix -I src/utilities -o src/lib/pprint/PPrint.cmo src/lib/pprint/PPrint.ml
ocamlfind ocamlc -c -annot -bin-annot -package unix -package str -I src/utilities -I src -I src/common -I src/hopix -I src/lib/pprint -o src/utilities/extPPrint.cmo src/utilities/extPPrint.ml
ocamlfind ocamldep -package unix -package str -modules src/hopix/hopixTypechecker.ml > src/hopix/hopixTypechecker.ml.depends
ocamlfind ocamldep -package unix -package str -modules src/hopix/hopixTypes.ml > src/hopix/hopixTypes.ml.depends
ocamlfind ocamlc -c -annot -bin-annot -package unix -package str -I src/hopix -I src -I src/common -I src/utilities -I src/lib/pprint -o src/hopix/hopixTypes.cmo src/hopix/hopixTypes.ml
ocamlfind ocamldep -package unix -package str -modules src/utilities/syntacticAnalysis.mli > src/utilities/syntacticAnalysis.mli.depends
ocamlfind ocamlc -c -annot -bin-annot -package unix -package str -I src/hopix -I src -I src/common -I src/utilities -I src/lib/pprint -o src/hopix/hopixInterpreter.cmo src/hopix/hopixInterpreter.ml
+ ocamlfind ocamlc -c -annot -bin-annot -package unix -package str -I src/hopix -I src -I src/common -I src/utilities -I src/lib/pprint -o src/hopix/hopixInterpreter.cmo src/hopix/hopixInterpreter.ml
File "src/hopix/hopixInterpreter.ml", line 3, characters 0-11:
Error: Unbound module Memory
Command exited with code 2.
Makefile.generic:54: recipe for target 'flap.native' failed
!> La compilation a échoué.=> J'ai trouvé une archive.
=> Je la décompresse.
flap-uzenat-elouraoui-15.1/
flap-uzenat-elouraoui-15.1/myocamlbuild_config.ml
flap-uzenat-elouraoui-15.1/Makefile.local
flap-uzenat-elouraoui-15.1/src/
flap-uzenat-elouraoui-15.1/src/version.ml
flap-uzenat-elouraoui-15.1/src/common/
flap-uzenat-elouraoui-15.1/src/common/compilers.ml
flap-uzenat-elouraoui-15.1/src/common/languages.ml
flap-uzenat-elouraoui-15.1/src/options.ml
flap-uzenat-elouraoui-15.1/src/hopix/
flap-uzenat-elouraoui-15.1/src/hopix/hopixTypechecker.ml
flap-uzenat-elouraoui-15.1/src/hopix/hopixInterpreter.ml
flap-uzenat-elouraoui-15.1/src/hopix/hopixLexer.mll
flap-uzenat-elouraoui-15.1/src/hopix/hopixTypeInferenceEngine.ml
flap-uzenat-elouraoui-15.1/src/hopix/hopixAST.ml
flap-uzenat-elouraoui-15.1/src/hopix/hopixPrettyPrinter.ml
flap-uzenat-elouraoui-15.1/src/hopix/hopixParser.mly
flap-uzenat-elouraoui-15.1/src/hopix/hopix.ml
flap-uzenat-elouraoui-15.1/src/hopix/hopixTypes.ml
flap-uzenat-elouraoui-15.1/src/hopix/hopixInitialization.ml
flap-uzenat-elouraoui-15.1/src/lib/
flap-uzenat-elouraoui-15.1/src/lib/pprint/
flap-uzenat-elouraoui-15.1/src/lib/pprint/PPrintEngine.ml
flap-uzenat-elouraoui-15.1/src/lib/pprint/LICENSE
flap-uzenat-elouraoui-15.1/src/lib/pprint/PPrintOCaml.mli
flap-uzenat-elouraoui-15.1/src/lib/pprint/CHANGES
flap-uzenat-elouraoui-15.1/src/lib/pprint/PPrintRenderer.ml
flap-uzenat-elouraoui-15.1/src/lib/pprint/PPrintEngine.mli
flap-uzenat-elouraoui-15.1/src/lib/pprint/PPrint.ml
flap-uzenat-elouraoui-15.1/src/lib/pprint/AUTHORS
flap-uzenat-elouraoui-15.1/src/lib/pprint/README
flap-uzenat-elouraoui-15.1/src/lib/pprint/PPrintCombinators.ml
flap-uzenat-elouraoui-15.1/src/lib/pprint/PPrintCombinators.mli
flap-uzenat-elouraoui-15.1/src/lib/pprint/Makefile
flap-uzenat-elouraoui-15.1/src/lib/pprint/PPrintOCaml.ml
flap-uzenat-elouraoui-15.1/src/flap.ml
flap-uzenat-elouraoui-15.1/src/utilities/
flap-uzenat-elouraoui-15.1/src/utilities/userInput.ml
flap-uzenat-elouraoui-15.1/src/utilities/position.ml
flap-uzenat-elouraoui-15.1/src/utilities/error.ml
flap-uzenat-elouraoui-15.1/src/utilities/syntacticAnalysis.ml
flap-uzenat-elouraoui-15.1/src/utilities/position.mli
flap-uzenat-elouraoui-15.1/src/utilities/error.mli
flap-uzenat-elouraoui-15.1/src/utilities/extPPrint.ml
flap-uzenat-elouraoui-15.1/src/utilities/syntacticAnalysis.mli
flap-uzenat-elouraoui-15.1/src/utilities/stdUserInput.ml
flap-uzenat-elouraoui-15.1/src/utilities/option.ml
flap-uzenat-elouraoui-15.1/src/utilities/extStd.ml
flap-uzenat-elouraoui-15.1/src/commandLineOptions.ml
flap-uzenat-elouraoui-15.1/_tags
flap-uzenat-elouraoui-15.1/Makefile.generic
flap-uzenat-elouraoui-15.1/Makefile.config
flap-uzenat-elouraoui-15.1/Makefile
=> Je compile.
Source configuration ...
 * Ledit is not present: use default UserInput.
rm -f flap.native
ocamlfind ocamldep -package unix -package str -modules src/flap.ml > src/flap.ml.depends
ocamlfind ocamldep -package unix -package str -modules src/commandLineOptions.ml > src/commandLineOptions.ml.depends
ocamlfind ocamldep -package unix -package str -modules src/options.ml > src/options.ml.depends
ocamlfind ocamldep -package unix -package str -modules src/utilities/error.mli > src/utilities/error.mli.depends
ocamlfind ocamldep -package unix -package str -modules src/utilities/position.mli > src/utilities/position.mli.depends
ocamlfind ocamlc -c -annot -bin-annot -package unix -package str -I src/utilities -I src -I src/common -I src/hopix -I src/lib/pprint -o src/utilities/position.cmi src/utilities/position.mli
ocamlfind ocamlc -c -annot -bin-annot -package unix -package str -I src/utilities -I src -I src/common -I src/hopix -I src/lib/pprint -o src/utilities/error.cmi src/utilities/error.mli
ocamlfind ocamldep -package unix -package str -modules src/version.ml > src/version.ml.depends
ocamlfind ocamlc -c -annot -bin-annot -package unix -package str -I src -I src/common -I src/hopix -I src/utilities -I src/lib/pprint -o src/options.cmo src/options.ml
ocamlfind ocamlc -c -annot -bin-annot -package unix -package str -I src -I src/common -I src/hopix -I src/utilities -I src/lib/pprint -o src/version.cmo src/version.ml
ocamlfind ocamldep -package unix -package str -modules src/common/compilers.ml > src/common/compilers.ml.depends
ocamlfind ocamldep -package unix -package str -modules src/utilities/extStd.ml > src/utilities/extStd.ml.depends
ocamlfind ocamldep -package unix -package str -modules src/common/languages.ml > src/common/languages.ml.depends
ocamlfind ocamlc -c -annot -bin-annot -package unix -package str -I src/utilities -I src -I src/common -I src/hopix -I src/lib/pprint -o src/utilities/extStd.cmo src/utilities/extStd.ml
ocamlfind ocamlc -c -annot -bin-annot -package unix -package str -I src/common -I src -I src/hopix -I src/utilities -I src/lib/pprint -o src/common/languages.cmo src/common/languages.ml
ocamlfind ocamldep -package unix -package str -modules src/hopix/hopixInitialization.ml > src/hopix/hopixInitialization.ml.depends
ocamlfind ocamlc -c -annot -bin-annot -package unix -package str -I src/common -I src -I src/hopix -I src/utilities -I src/lib/pprint -o src/common/compilers.cmo src/common/compilers.ml
ocamlfind ocamldep -package unix -package str -modules src/hopix/hopix.ml > src/hopix/hopix.ml.depends
ocamlfind ocamldep -package unix -package str -modules src/hopix/hopixAST.ml > src/hopix/hopixAST.ml.depends
ocamlfind ocamldep -package unix -package str -modules src/hopix/hopixInterpreter.ml > src/hopix/hopixInterpreter.ml.depends
ocamlfind ocamlc -c -annot -bin-annot -package unix -package str -I src/hopix -I src -I src/common -I src/utilities -I src/lib/pprint -o src/hopix/hopixAST.cmo src/hopix/hopixAST.ml
/usr/bin/ocamllex -q src/hopix/hopixLexer.mll
ocamlfind ocamldep -package unix -package str -modules src/hopix/hopixLexer.ml > src/hopix/hopixLexer.ml.depends
menhir --raw-depend --ocamldep 'ocamlfind ocamldep -modules' src/hopix/hopixParser.mly > src/hopix/hopixParser.mly.depends
menhir --ocamlc 'ocamlfind ocamlc -annot -bin-annot -package unix -package str -I src/hopix -I src -I src/common -I src/utilities -I src/lib/pprint' --explain --infer src/hopix/hopixParser.mly
ocamlfind ocamldep -package unix -package str -modules src/hopix/hopixParser.mli > src/hopix/hopixParser.mli.depends
ocamlfind ocamlc -c -annot -bin-annot -package unix -package str -I src/hopix -I src -I src/common -I src/utilities -I src/lib/pprint -o src/hopix/hopixParser.cmi src/hopix/hopixParser.mli
ocamlfind ocamldep -package unix -package str -modules src/hopix/hopixPrettyPrinter.ml > src/hopix/hopixPrettyPrinter.ml.depends
ocamlfind ocamldep -package unix -package str -modules src/utilities/extPPrint.ml > src/utilities/extPPrint.ml.depends
ocamlfind ocamldep -package unix -package str -modules src/lib/pprint/PPrint.ml > src/lib/pprint/PPrint.ml.depends
ocamlfind ocamldep -package unix -package str -modules src/lib/pprint/PPrintCombinators.mli > src/lib/pprint/PPrintCombinators.mli.depends
ocamlfind ocamldep -package unix -package str -modules src/lib/pprint/PPrintEngine.mli > src/lib/pprint/PPrintEngine.mli.depends
ocamlfind ocamldep -package unix -package str -modules src/lib/pprint/PPrintRenderer.ml > src/lib/pprint/PPrintRenderer.ml.depends
ocamlfind ocamlc -c -annot -bin-annot -package unix -package str -I src/lib/pprint -I src -I src/common -I src/hopix -I src/utilities -o src/lib/pprint/PPrintRenderer.cmo src/lib/pprint/PPrintRenderer.ml
ocamlfind ocamlc -c -annot -bin-annot -package unix -package str -I src/lib/pprint -I src -I src/common -I src/hopix -I src/utilities -o src/lib/pprint/PPrintEngine.cmi src/lib/pprint/PPrintEngine.mli
ocamlfind ocamldep -package unix -package str -modules src/lib/pprint/PPrintOCaml.mli > src/lib/pprint/PPrintOCaml.mli.depends
ocamlfind ocamlc -c -annot -bin-annot -package unix -package str -I src/lib/pprint -I src -I src/common -I src/hopix -I src/utilities -o src/lib/pprint/PPrintCombinators.cmi src/lib/pprint/PPrintCombinators.mli
ocamlfind ocamlc -c -annot -bin-annot -package unix -package str -I src/lib/pprint -I src -I src/common -I src/hopix -I src/utilities -o src/lib/pprint/PPrintOCaml.cmi src/lib/pprint/PPrintOCaml.mli
ocamlfind ocamlc -c -annot -bin-annot -package unix -package str -I src/lib/pprint -I src -I src/common -I src/hopix -I src/utilities -o src/lib/pprint/PPrint.cmo src/lib/pprint/PPrint.ml
ocamlfind ocamlc -c -annot -bin-annot -package unix -package str -I src/utilities -I src -I src/common -I src/hopix -I src/lib/pprint -o src/utilities/extPPrint.cmo src/utilities/extPPrint.ml
ocamlfind ocamldep -package unix -package str -modules src/hopix/hopixTypechecker.ml > src/hopix/hopixTypechecker.ml.depends
ocamlfind ocamldep -package unix -package str -modules src/hopix/hopixTypes.ml > src/hopix/hopixTypes.ml.depends
ocamlfind ocamlc -c -annot -bin-annot -package unix -package str -I src/hopix -I src -I src/common -I src/utilities -I src/lib/pprint -o src/hopix/hopixTypes.cmo src/hopix/hopixTypes.ml
ocamlfind ocamldep -package unix -package str -modules src/utilities/syntacticAnalysis.mli > src/utilities/syntacticAnalysis.mli.depends
ocamlfind ocamlc -c -annot -bin-annot -package unix -package str -I src/hopix -I src -I src/common -I src/utilities -I src/lib/pprint -o src/hopix/hopixInterpreter.cmo src/hopix/hopixInterpreter.ml
+ ocamlfind ocamlc -c -annot -bin-annot -package unix -package str -I src/hopix -I src -I src/common -I src/utilities -I src/lib/pprint -o src/hopix/hopixInterpreter.cmo src/hopix/hopixInterpreter.ml
File "src/hopix/hopixInterpreter.ml", line 3, characters 0-11:
Error: Unbound module Memory
Command exited with code 2.
Makefile.generic:54: recipe for target 'flap.native' failed
!> La compilation a échoué.
